

Version:	3.50
CmdLine:	C:\Users\Josty25\Documents\Lira\.exe --l4j-debug
JNI:		No
WOW64:		Yes
Working dir:	C:\Users\Josty25\Documents\Lira\.
Requires JDK:	No
Requires 64-Bit: No
Java min ver:	1.017.000_005
Java max ver:	
JRE paths:	C:\Program Files\Java\jdk-18.0.1.1
Check launcher:	C:\Program Files\Java\jdk-18.0.1.1\bin\javaw.exe (OK)
Warning:	formatJavaVersion() too many parts added.
Version string: 1.018.000_001 / 64-Bit (OK)
Launcher:	C:\Program Files\Java\jdk-18.0.1.1\bin\javaw.exe
Launcher args:	-jar "C:\Users\Josty25\Documents\Lira\.exe"
Args length:	43/32768 chars
Exit code:	0


Version:	3.50
CmdLine:	C:\Users\Josty25\Documents\Lira\.exe --l4j-debug
JNI:		No
WOW64:		Yes
Working dir:	C:\Users\Josty25\Documents\Lira\.
Requires JDK:	No
Requires 64-Bit: No
Java min ver:	1.017.000_005
Java max ver:	
JRE paths:	C:\Program Files\Java\jdk-18.0.1.1
Check launcher:	C:\Program Files\Java\jdk-18.0.1.1\bin\javaw.exe (OK)
Warning:	formatJavaVersion() too many parts added.
Version string: 1.018.000_001 / 64-Bit (OK)
Launcher:	C:\Program Files\Java\jdk-18.0.1.1\bin\javaw.exe
Launcher args:	-jar "C:\Users\Josty25\Documents\Lira\.exe"
Args length:	43/32768 chars
Exit code:	0


Version:	3.50
CmdLine:	C:\Users\Josty25\Documents\Lira\.exe --l4j-debug
JNI:		No
WOW64:		Yes
Working dir:	C:\Users\Josty25\Documents\Lira\.
Requires JDK:	No
Requires 64-Bit: No
Java min ver:	1.017.000_005
Java max ver:	
JRE paths:	C:\Program Files\Java\jdk-18.0.1.1
Check launcher:	C:\Program Files\Java\jdk-18.0.1.1\bin\javaw.exe (OK)
Warning:	formatJavaVersion() too many parts added.
Version string: 1.018.000_001 / 64-Bit (OK)
Launcher:	C:\Program Files\Java\jdk-18.0.1.1\bin\javaw.exe
Launcher args:	-jar "C:\Users\Josty25\Documents\Lira\.exe"
Args length:	43/32768 chars
Exit code:	0


Version:	3.50
CmdLine:	C:\Users\Josty25\Documents\Lira\.exe --l4j-debug
JNI:		No
WOW64:		Yes
Working dir:	C:\Users\Josty25\Documents\Lira\.
Requires JDK:	No
Requires 64-Bit: No
Java min ver:	1.017.000_005
Java max ver:	
JRE paths:	C:\Program Files\Java\jdk-18.0.1.1
Check launcher:	C:\Program Files\Java\jdk-18.0.1.1\bin\javaw.exe (OK)
Warning:	formatJavaVersion() too many parts added.
Version string: 1.018.000_001 / 64-Bit (OK)
Launcher:	C:\Program Files\Java\jdk-18.0.1.1\bin\javaw.exe
Launcher args:	-jar "C:\Users\Josty25\Documents\Lira\.exe"
Args length:	43/32768 chars
Exit code:	0


Version:	3.50
CmdLine:	C:\Users\Josty25\Documents\Lira\.exe --l4j-debug
JNI:		No
WOW64:		Yes
Working dir:	C:\Users\Josty25\Documents\Lira\.
Requires JDK:	No
Requires 64-Bit: No
Java min ver:	1.017.000_005
Java max ver:	
JRE paths:	C:\Program Files\Java\jdk-18.0.1.1
Check launcher:	C:\Program Files\Java\jdk-18.0.1.1\bin\javaw.exe (OK)
Warning:	formatJavaVersion() too many parts added.
Version string: 1.018.000_001 / 64-Bit (OK)
Launcher:	C:\Program Files\Java\jdk-18.0.1.1\bin\javaw.exe
Launcher args:	-jar "C:\Users\Josty25\Documents\Lira\.exe"
Args length:	43/32768 chars
Exit code:	0


Version:	3.50
CmdLine:	C:\Users\Josty25\Documents\Lira\.exe --l4j-debug
JNI:		No
WOW64:		Yes
Working dir:	C:\Users\Josty25\Documents\Lira\.
Requires JDK:	No
Requires 64-Bit: No
Java min ver:	1.017.000_005
Java max ver:	
JRE paths:	C:\Program Files\Java\jdk-18.0.1.1
Check launcher:	C:\Program Files\Java\jdk-18.0.1.1\bin\javaw.exe (OK)
Warning:	formatJavaVersion() too many parts added.
Version string: 1.018.000_001 / 64-Bit (OK)
Launcher:	C:\Program Files\Java\jdk-18.0.1.1\bin\javaw.exe
Launcher args:	-jar "C:\Users\Josty25\Documents\Lira\.exe"
Args length:	43/32768 chars
Exit code:	0


Version:	3.50
CmdLine:	C:\Users\Josty25\Documents\Lira\.exe --l4j-debug
JNI:		No
WOW64:		Yes
Working dir:	C:\Users\Josty25\Documents\Lira\.
Requires JDK:	No
Requires 64-Bit: No
Java min ver:	1.017.000_005
Java max ver:	
JRE paths:	C:\Program Files\Java\jdk-18.0.1.1
Check launcher:	C:\Program Files\Java\jdk-18.0.1.1\bin\javaw.exe (OK)
Warning:	formatJavaVersion() too many parts added.
Version string: 1.018.000_001 / 64-Bit (OK)
Launcher:	C:\Program Files\Java\jdk-18.0.1.1\bin\javaw.exe
Launcher args:	-jar "C:\Users\Josty25\Documents\Lira\.exe"
Args length:	43/32768 chars
Exit code:	0


Version:	3.50
CmdLine:	C:\Users\Josty25\Documents\Lira\.exe --l4j-debug
JNI:		No
WOW64:		Yes
Working dir:	C:\Users\Josty25\Documents\Lira\.
Requires JDK:	No
Requires 64-Bit: No
Java min ver:	1.017.000_005
Java max ver:	
JRE paths:	C:\Program Files\Java\jdk-18.0.1.1
Check launcher:	C:\Program Files\Java\jdk-18.0.1.1\bin\javaw.exe (OK)
Warning:	formatJavaVersion() too many parts added.
Version string: 1.018.000_001 / 64-Bit (OK)
Launcher:	C:\Program Files\Java\jdk-18.0.1.1\bin\javaw.exe
Launcher args:	-jar "C:\Users\Josty25\Documents\Lira\.exe"
Args length:	43/32768 chars
Exit code:	0


Version:	3.50
CmdLine:	C:\Users\Josty25\Documents\Lira\.exe --l4j-debug
JNI:		No
WOW64:		Yes
Working dir:	C:\Users\Josty25\Documents\Lira\.
Requires JDK:	No
Requires 64-Bit: No
Java min ver:	1.017.000_005
Java max ver:	
JRE paths:	C:\Program Files\Java\jdk-18.0.1.1
Check launcher:	C:\Program Files\Java\jdk-18.0.1.1\bin\javaw.exe (OK)
Warning:	formatJavaVersion() too many parts added.
Version string: 1.018.000_001 / 64-Bit (OK)
Launcher:	C:\Program Files\Java\jdk-18.0.1.1\bin\javaw.exe
Launcher args:	-jar "C:\Users\Josty25\Documents\Lira\.exe"
Args length:	43/32768 chars
Exit code:	0


Version:	3.50
CmdLine:	C:\Users\Josty25\Documents\Lira\.exe --l4j-debug
JNI:		No
WOW64:		Yes
Working dir:	C:\Users\Josty25\Documents\Lira\.
Requires JDK:	No
Requires 64-Bit: No
Java min ver:	1.017.000_005
Java max ver:	
JRE paths:	C:\Program Files\Java\jdk-18.0.1.1
Check launcher:	C:\Program Files\Java\jdk-18.0.1.1\bin\javaw.exe (OK)
Warning:	formatJavaVersion() too many parts added.
Version string: 1.018.000_001 / 64-Bit (OK)
Launcher:	C:\Program Files\Java\jdk-18.0.1.1\bin\javaw.exe
Launcher args:	-jar "C:\Users\Josty25\Documents\Lira\.exe"
Args length:	43/32768 chars
Exit code:	0


Version:	3.50
CmdLine:	C:\Users\Josty25\Documents\Lira\.exe --l4j-debug
JNI:		No
WOW64:		Yes
Working dir:	C:\Users\Josty25\Documents\Lira\.
Requires JDK:	No
Requires 64-Bit: No
Java min ver:	1.017.000_005
Java max ver:	
JRE paths:	C:\Program Files\Java\jdk-18.0.1.1
Check launcher:	C:\Program Files\Java\jdk-18.0.1.1\bin\javaw.exe (OK)
Warning:	formatJavaVersion() too many parts added.
Version string: 1.018.000_001 / 64-Bit (OK)
Launcher:	C:\Program Files\Java\jdk-18.0.1.1\bin\javaw.exe
Launcher args:	-jar "C:\Users\Josty25\Documents\Lira\.exe"
Args length:	43/32768 chars
Exit code:	0


Version:	3.50
CmdLine:	C:\Users\Josty25\Documents\Lira\.exe --l4j-debug
JNI:		No
WOW64:		Yes
Working dir:	C:\Users\Josty25\Documents\Lira\.
Requires JDK:	No
Requires 64-Bit: No
Java min ver:	1.017.000_005
Java max ver:	
JRE paths:	C:\Program Files\Java\jdk-18.0.1.1
Check launcher:	C:\Program Files\Java\jdk-18.0.1.1\bin\javaw.exe (OK)
Warning:	formatJavaVersion() too many parts added.
Version string: 1.018.000_001 / 64-Bit (OK)
Launcher:	C:\Program Files\Java\jdk-18.0.1.1\bin\javaw.exe
Launcher args:	-jar "C:\Users\Josty25\Documents\Lira\.exe"
Args length:	43/32768 chars
Exit code:	0


Version:	3.50
CmdLine:	C:\Users\Josty25\Documents\Lira\.exe --l4j-debug
JNI:		No
WOW64:		Yes
Working dir:	C:\Users\Josty25\Documents\Lira\.
Requires JDK:	No
Requires 64-Bit: No
Java min ver:	1.017.000_005
Java max ver:	
JRE paths:	C:\Program Files\Java\jdk-18.0.1.1
Check launcher:	C:\Program Files\Java\jdk-18.0.1.1\bin\javaw.exe (OK)
Warning:	formatJavaVersion() too many parts added.
Version string: 1.018.000_001 / 64-Bit (OK)
Launcher:	C:\Program Files\Java\jdk-18.0.1.1\bin\javaw.exe
Launcher args:	-jar "C:\Users\Josty25\Documents\Lira\.exe"
Args length:	43/32768 chars
Exit code:	0


Version:	3.50
CmdLine:	C:\Users\Josty25\Documents\Lira\.exe --l4j-debug
JNI:		No
WOW64:		Yes
Working dir:	C:\Users\Josty25\Documents\Lira\.
Requires JDK:	No
Requires 64-Bit: No
Java min ver:	1.017.000_005
Java max ver:	
JRE paths:	C:\Program Files\Java\jdk-18.0.1.1
Check launcher:	C:\Program Files\Java\jdk-18.0.1.1\bin\javaw.exe (OK)
Warning:	formatJavaVersion() too many parts added.
Version string: 1.018.000_001 / 64-Bit (OK)
Launcher:	C:\Program Files\Java\jdk-18.0.1.1\bin\javaw.exe
Launcher args:	-jar "C:\Users\Josty25\Documents\Lira\.exe"
Args length:	43/32768 chars
Exit code:	0


Version:	3.50
CmdLine:	C:\Users\Josty25\Documents\Lira\.exe --l4j-debug
JNI:		No
WOW64:		Yes
Working dir:	C:\Users\Josty25\Documents\Lira\.
Requires JDK:	No
Requires 64-Bit: No
Java min ver:	1.017.000_005
Java max ver:	
JRE paths:	C:\Program Files\Java\jdk-18.0.1.1
Check launcher:	C:\Program Files\Java\jdk-18.0.1.1\bin\javaw.exe (OK)
Warning:	formatJavaVersion() too many parts added.
Version string: 1.018.000_001 / 64-Bit (OK)
Launcher:	C:\Program Files\Java\jdk-18.0.1.1\bin\javaw.exe
Launcher args:	-jar "C:\Users\Josty25\Documents\Lira\.exe"
Args length:	43/32768 chars
Exit code:	0


Version:	3.50
CmdLine:	C:\Users\Josty25\Documents\Lira\.exe --l4j-debug
JNI:		No
WOW64:		Yes
Working dir:	C:\Users\Josty25\Documents\Lira\.
Requires JDK:	No
Requires 64-Bit: No
Java min ver:	1.017.000_005
Java max ver:	
JRE paths:	C:\Program Files\Java\jdk-18.0.1.1
Check launcher:	C:\Program Files\Java\jdk-18.0.1.1\bin\javaw.exe (OK)
Warning:	formatJavaVersion() too many parts added.
Version string: 1.018.000_001 / 64-Bit (OK)
Launcher:	C:\Program Files\Java\jdk-18.0.1.1\bin\javaw.exe
Launcher args:	-jar "C:\Users\Josty25\Documents\Lira\.exe"
Args length:	43/32768 chars
Exit code:	0


Version:	3.50
CmdLine:	C:\Users\Josty25\Documents\Lira\.exe --l4j-debug
JNI:		No
WOW64:		Yes
Working dir:	C:\Users\Josty25\Documents\Lira\.
Requires JDK:	No
Requires 64-Bit: No
Java min ver:	1.017.000_005
Java max ver:	
JRE paths:	C:\Program Files\Java\jdk-18.0.1.1
Check launcher:	C:\Program Files\Java\jdk-18.0.1.1\bin\javaw.exe (OK)
Warning:	formatJavaVersion() too many parts added.
Version string: 1.018.000_001 / 64-Bit (OK)
Launcher:	C:\Program Files\Java\jdk-18.0.1.1\bin\javaw.exe
Launcher args:	-jar "C:\Users\Josty25\Documents\Lira\.exe"
Args length:	43/32768 chars
Exit code:	0


Version:	3.50
CmdLine:	C:\Users\Josty25\Documents\Lira\.exe --l4j-debug
JNI:		No
WOW64:		Yes
Working dir:	C:\Users\Josty25\Documents\Lira\.
Requires JDK:	No
Requires 64-Bit: No
Java min ver:	1.017.000_005
Java max ver:	
JRE paths:	C:\Program Files\Java\jdk-18.0.1.1
Check launcher:	C:\Program Files\Java\jdk-18.0.1.1\bin\javaw.exe (OK)
Warning:	formatJavaVersion() too many parts added.
Version string: 1.018.000_001 / 64-Bit (OK)
Launcher:	C:\Program Files\Java\jdk-18.0.1.1\bin\javaw.exe
Launcher args:	-jar "C:\Users\Josty25\Documents\Lira\.exe"
Args length:	43/32768 chars
Exit code:	0


Version:	3.50
CmdLine:	C:\Users\Josty25\Documents\Lira\.exe --l4j-debug
JNI:		No
WOW64:		Yes
Working dir:	C:\Users\Josty25\Documents\Lira\.
Requires JDK:	No
Requires 64-Bit: No
Java min ver:	1.017.000_005
Java max ver:	
JRE paths:	C:\Program Files\Java\jdk-18.0.1.1
Check launcher:	C:\Program Files\Java\jdk-18.0.1.1\bin\javaw.exe (OK)
Warning:	formatJavaVersion() too many parts added.
Version string: 1.018.000_001 / 64-Bit (OK)
Launcher:	C:\Program Files\Java\jdk-18.0.1.1\bin\javaw.exe
Launcher args:	-jar "C:\Users\Josty25\Documents\Lira\.exe"
Args length:	43/32768 chars
Exit code:	0


Version:	3.50
CmdLine:	C:\Users\Josty25\Documents\Lira\.exe --l4j-debug
JNI:		No
WOW64:		Yes
Working dir:	C:\Users\Josty25\Documents\Lira\.
Requires JDK:	No
Requires 64-Bit: No
Java min ver:	1.017.000_005
Java max ver:	
JRE paths:	C:\Program Files\Java\jdk-18.0.1.1
Check launcher:	C:\Program Files\Java\jdk-18.0.1.1\bin\javaw.exe (OK)
Warning:	formatJavaVersion() too many parts added.
Version string: 1.018.000_001 / 64-Bit (OK)
Launcher:	C:\Program Files\Java\jdk-18.0.1.1\bin\javaw.exe
Launcher args:	-jar "C:\Users\Josty25\Documents\Lira\.exe"
Args length:	43/32768 chars
Exit code:	0


Version:	3.50
CmdLine:	C:\Users\Josty25\Documents\Lira\.exe --l4j-debug
JNI:		No
WOW64:		Yes
Working dir:	C:\Users\Josty25\Documents\Lira\.
Requires JDK:	No
Requires 64-Bit: No
Java min ver:	1.017.000_005
Java max ver:	
JRE paths:	C:\Program Files\Java\jdk-18.0.1.1
Check launcher:	C:\Program Files\Java\jdk-18.0.1.1\bin\javaw.exe (OK)
Warning:	formatJavaVersion() too many parts added.
Version string: 1.018.000_001 / 64-Bit (OK)
Launcher:	C:\Program Files\Java\jdk-18.0.1.1\bin\javaw.exe
Launcher args:	-jar "C:\Users\Josty25\Documents\Lira\.exe"
Args length:	43/32768 chars
Exit code:	0


Version:	3.50
CmdLine:	C:\Users\Josty25\Documents\Lira\.exe --l4j-debug
JNI:		No
WOW64:		Yes
Working dir:	C:\Users\Josty25\Documents\Lira\.
Requires JDK:	No
Requires 64-Bit: No
Java min ver:	1.017.000_005
Java max ver:	
JRE paths:	C:\Program Files\Java\jdk-18.0.1.1
Check launcher:	C:\Program Files\Java\jdk-18.0.1.1\bin\javaw.exe (OK)
Warning:	formatJavaVersion() too many parts added.
Version string: 1.018.000_001 / 64-Bit (OK)
Launcher:	C:\Program Files\Java\jdk-18.0.1.1\bin\javaw.exe
Launcher args:	-jar "C:\Users\Josty25\Documents\Lira\.exe"
Args length:	43/32768 chars
Exit code:	0


Version:	3.50
CmdLine:	C:\Users\Josty25\Documents\Lira\.exe --l4j-debug
JNI:		No
WOW64:		Yes
Working dir:	C:\Users\Josty25\Documents\Lira\.
Requires JDK:	No
Requires 64-Bit: No
Java min ver:	1.017.000_005
Java max ver:	
JRE paths:	C:\Program Files\Java\jdk-18.0.1.1
Check launcher:	C:\Program Files\Java\jdk-18.0.1.1\bin\javaw.exe (OK)
Warning:	formatJavaVersion() too many parts added.
Version string: 1.018.000_001 / 64-Bit (OK)
Launcher:	C:\Program Files\Java\jdk-18.0.1.1\bin\javaw.exe
Launcher args:	-jar "C:\Users\Josty25\Documents\Lira\.exe"
Args length:	43/32768 chars
Exit code:	0


Version:	3.50
CmdLine:	C:\Users\Josty25\Documents\Lira\.exe --l4j-debug
JNI:		No
WOW64:		Yes
Working dir:	C:\Users\Josty25\Documents\Lira\.
Requires JDK:	No
Requires 64-Bit: No
Java min ver:	1.017.000_005
Java max ver:	
JRE paths:	C:\Program Files\Java\jdk-18.0.1.1
Check launcher:	C:\Program Files\Java\jdk-18.0.1.1\bin\javaw.exe (OK)
Warning:	formatJavaVersion() too many parts added.
Version string: 1.018.000_001 / 64-Bit (OK)
Launcher:	C:\Program Files\Java\jdk-18.0.1.1\bin\javaw.exe
Launcher args:	-jar "C:\Users\Josty25\Documents\Lira\.exe"
Args length:	43/32768 chars
Exit code:	0


Version:	3.50
CmdLine:	C:\Users\Josty25\Documents\Lira\.exe --l4j-debug
JNI:		No
WOW64:		Yes
Working dir:	C:\Users\Josty25\Documents\Lira\.
Requires JDK:	No
Requires 64-Bit: No
Java min ver:	1.017.000_005
Java max ver:	
JRE paths:	C:\Program Files\Java\jdk-18.0.1.1
Check launcher:	C:\Program Files\Java\jdk-18.0.1.1\bin\javaw.exe (OK)
Warning:	formatJavaVersion() too many parts added.
Version string: 1.018.000_001 / 64-Bit (OK)
Launcher:	C:\Program Files\Java\jdk-18.0.1.1\bin\javaw.exe
Launcher args:	-jar "C:\Users\Josty25\Documents\Lira\.exe"
Args length:	43/32768 chars
Exit code:	0


Version:	3.50
CmdLine:	C:\Users\Josty25\Documents\Lira\.exe --l4j-debug
JNI:		No
WOW64:		Yes
Working dir:	C:\Users\Josty25\Documents\Lira\.
Requires JDK:	No
Requires 64-Bit: No
Java min ver:	1.017.000_005
Java max ver:	
JRE paths:	C:\Program Files\Java\jdk-18.0.1.1
Check launcher:	C:\Program Files\Java\jdk-18.0.1.1\bin\javaw.exe (OK)
Warning:	formatJavaVersion() too many parts added.
Version string: 1.018.000_001 / 64-Bit (OK)
Launcher:	C:\Program Files\Java\jdk-18.0.1.1\bin\javaw.exe
Launcher args:	-jar "C:\Users\Josty25\Documents\Lira\.exe"
Args length:	43/32768 chars
Exit code:	0


Version:	3.50
CmdLine:	C:\Users\Josty25\Documents\Lira\.exe --l4j-debug
JNI:		No
WOW64:		Yes
Working dir:	C:\Users\Josty25\Documents\Lira\.
Requires JDK:	No
Requires 64-Bit: No
Java min ver:	1.017.000_005
Java max ver:	
JRE paths:	C:\Program Files\Java\jdk-18.0.1.1
Check launcher:	C:\Program Files\Java\jdk-18.0.1.1\bin\javaw.exe (OK)
Warning:	formatJavaVersion() too many parts added.
Version string: 1.018.000_001 / 64-Bit (OK)
Launcher:	C:\Program Files\Java\jdk-18.0.1.1\bin\javaw.exe
Launcher args:	-jar "C:\Users\Josty25\Documents\Lira\.exe"
Args length:	43/32768 chars
Exit code:	0


Version:	3.50
CmdLine:	C:\Users\Josty25\Documents\Lira\.exe --l4j-debug
JNI:		No
WOW64:		Yes
Working dir:	C:\Users\Josty25\Documents\Lira\.
Requires JDK:	No
Requires 64-Bit: No
Java min ver:	1.017.000_005
Java max ver:	
JRE paths:	C:\Program Files\Java\jdk-18.0.1.1
Check launcher:	C:\Program Files\Java\jdk-18.0.1.1\bin\javaw.exe (OK)
Warning:	formatJavaVersion() too many parts added.
Version string: 1.018.000_001 / 64-Bit (OK)
Launcher:	C:\Program Files\Java\jdk-18.0.1.1\bin\javaw.exe
Launcher args:	-jar "C:\Users\Josty25\Documents\Lira\.exe"
Args length:	43/32768 chars
Exit code:	0


Version:	3.50
CmdLine:	C:\Users\Josty25\Documents\Lira\.exe --l4j-debug
JNI:		No
WOW64:		Yes
Working dir:	C:\Users\Josty25\Documents\Lira\.
Requires JDK:	No
Requires 64-Bit: No
Java min ver:	1.017.000_005
Java max ver:	
JRE paths:	C:\Program Files\Java\jdk-18.0.1.1
Check launcher:	C:\Program Files\Java\jdk-18.0.1.1\bin\javaw.exe (OK)
Warning:	formatJavaVersion() too many parts added.
Version string: 1.018.000_001 / 64-Bit (OK)
Launcher:	C:\Program Files\Java\jdk-18.0.1.1\bin\javaw.exe
Launcher args:	-jar "C:\Users\Josty25\Documents\Lira\.exe"
Args length:	43/32768 chars
Exit code:	0


Version:	3.50
CmdLine:	C:\Users\Josty25\Documents\Lira\.exe --l4j-debug
JNI:		No
WOW64:		Yes
Working dir:	C:\Users\Josty25\Documents\Lira\.
Requires JDK:	No
Requires 64-Bit: No
Java min ver:	1.017.000_005
Java max ver:	
JRE paths:	C:\Program Files\Java\jdk-18.0.1.1
Check launcher:	C:\Program Files\Java\jdk-18.0.1.1\bin\javaw.exe (OK)
Warning:	formatJavaVersion() too many parts added.
Version string: 1.018.000_001 / 64-Bit (OK)
Launcher:	C:\Program Files\Java\jdk-18.0.1.1\bin\javaw.exe
Launcher args:	-jar "C:\Users\Josty25\Documents\Lira\.exe"
Args length:	43/32768 chars
Exit code:	0
